
OpenSBI v0.4 (Jul  2 2019 11:53:53)
   ____                    _____ ____ _____
  / __ \                  / ____|  _ \_   _|
 | |  | |_ __   ___ _ __ | (___ | |_) || |
 | |  | | '_ \ / _ \ '_ \ \___ \|  _ < | |
 | |__| | |_) |  __/ | | |____) | |_) || |_
  \____/| .__/ \___|_| |_|_____/|____/_____|
        | |
        |_|

Platform Name          : QEMU Virt Machine
Platform HART Features : RV64ACDFIMSU
Platform Max HARTs     : 8
Current Hart           : 0
Firmware Base          : 0x80000000
Firmware Size          : 112 KB
Runtime SBI Version    : 0.1

PMP0: 0x0000000080000000-0x000000008001ffff (A)
PMP1: 0x0000000000000000-0xffffffffffffffff (A,R,W,X)
(THU.CST) os is loading ...

Special kernel symbols:
  entry  0xc020004a (virtual)
  etext  0xc0205b7c (virtual)
  edata  0xc02e0d38 (virtual)
  end    0xc02e5280 (virtual)
Kernel executable memory footprint: 917KB
DTB Init
HartID: 0
DTB Address: 0x82200000
Physical Memory from DTB:
  Base: 0x0000000080000000
  Size: 0x0000000008000000 (128 MB)
  End:  0x0000000087ffffff
DTB init completed
memory management: default_pmm_manager
physcial memory map:
  memory: 0x08000000, [0x80000000, 0x87ffffff].
vapaofset is 18446744070488326144
check_alloc_page() succeeded!
check_pgdir() succeeded!
check_boot_pgdir() succeeded!
use SLOB allocator
kmalloc_init() succeeded!
check_vma_struct() succeeded!
check_vmm() succeeded.
sched class: RR_scheduler
++ setup timer interrupts
kernel_execve: pid = 2, name = "sched_mix".
set priority to 1
set priority to 2
set priority to 3
set priority to 3
100 ticks
[sched_mix] pid=3 type=CPU nice=5 prio=1 resp=0 turn=160 cpu=80 wait=80 loops=0
[sched_mix] pid=4 type=CPU nice=0 prio=2 resp=5 turn=160 cpu=80 wait=80 loops=0
100 ticks
[sched_mix] pid=6 type=IO nice=-10 prio=3 resp=10 turn=200 cpu=26 wait=174 loops=22324
[sched_mix] pid=5 type=IO nice=-10 prio=3 resp=10 turn=200 cpu=14 wait=186 loops=22332
[sched_mix] done
all user-mode processes have quit.
init check memory pass.
kernel panic at kern/process/proc.c:496:
    initproc exit.

